<?xml version="1.0" encoding="UTF-8"?>
<testng-results skipped="0" failed="0" ignored="0" total="1" passed="1">
  <reporter-output>
  </reporter-output>
  <suite name="Default suite" duration-ms="3975" started-at="2020-07-23T01:07:54Z" finished-at="2020-07-23T01:07:57Z">
    <groups>
    </groups>
    <test name="Default test" duration-ms="3975" started-at="2020-07-23T01:07:54Z" finished-at="2020-07-23T01:07:57Z">
      <class name="com.api.gorest.tests.Create_Users_Test_POST_Call">
        <test-method status="PASS" signature="Create_User_Post_Call_Test()[pri:0, instance:com.api.gorest.tests.Create_Users_Test_POST_Call@78dd667e]" name="Create_User_Post_Call_Test" duration-ms="3887" started-at="2020-07-23T01:07:54Z" finished-at="2020-07-23T01:07:57Z">
          <reporter-output>
          </reporter-output>
        </test-method> <!-- Create_User_Post_Call_Test -->
      </class> <!-- com.api.gorest.tests.Create_Users_Test_POST_Call -->
    </test> <!-- Default test -->
  </suite> <!-- Default suite -->
</testng-results>
